2023-10-30 18:39:20.303 [main] INFO  calculator.Main - [FACTORIAL OPERATION] [SUCCESS] 5
2023-10-30 18:39:20.310 [main] INFO  calculator.Main - [FACTORIAL OPERATION] [RESULT] 120
2023-10-30 18:39:20.317 [main] INFO  calculator.Main - [LOGARITHM OPERATION] [SUCCESS] 2.718
2023-10-30 18:39:20.317 [main] INFO  calculator.Main - [LOGARITHM OPERATION] [RESULT] 0.999896315728952
2023-10-30 18:39:20.319 [main] INFO  calculator.Main - [SQUARE_ROOT OPERATION] [SUCCESS] 25.0
2023-10-30 18:39:20.319 [main] INFO  calculator.Main - [SQUARE_ROOT OPERATION] [RESULT] 5.0
2023-10-30 18:39:20.321 [main] INFO  calculator.Main - [POWER OPERATION] [SUCCESS] 2.0
2023-10-30 18:39:20.321 [main] INFO  calculator.Main - [POWER OPERATION] [RESULT] 32.0
2023-10-30 19:06:19.876 [main] INFO  calculator.Main - [FACTORIAL OPERATION] [SUCCESS] 5
2023-10-30 19:06:19.881 [main] INFO  calculator.Main - [FACTORIAL OPERATION] [RESULT] 120
2023-10-30 19:06:19.887 [main] INFO  calculator.Main - [LOGARITHM OPERATION] [SUCCESS] 2.718
2023-10-30 19:06:19.889 [main] INFO  calculator.Main - [LOGARITHM OPERATION] [RESULT] 0.999896315728952
2023-10-30 19:06:19.890 [main] INFO  calculator.Main - [SQUARE_ROOT OPERATION] [SUCCESS] 25.0
2023-10-30 19:06:19.891 [main] INFO  calculator.Main - [SQUARE_ROOT OPERATION] [RESULT] 5.0
2023-10-30 19:06:19.892 [main] INFO  calculator.Main - [POWER OPERATION] [SUCCESS] 2.0
2023-10-30 19:06:19.893 [main] INFO  calculator.Main - [POWER OPERATION] [RESULT] 32.0
2023-11-07 22:11:55.608 [main] INFO  calculator.Main - [FACTORIAL OPERATION] [SUCCESS] 5
2023-11-07 22:11:55.611 [main] INFO  calculator.Main - [FACTORIAL OPERATION] [RESULT] 120
2023-11-07 22:11:55.614 [main] INFO  calculator.Main - [LOGARITHM OPERATION] [SUCCESS] 2.718
2023-11-07 22:11:55.614 [main] INFO  calculator.Main - [LOGARITHM OPERATION] [RESULT] 0.999896315728952
2023-11-07 22:11:55.615 [main] INFO  calculator.Main - [SQUARE_ROOT OPERATION] [SUCCESS] 25.0
2023-11-07 22:11:55.615 [main] INFO  calculator.Main - [SQUARE_ROOT OPERATION] [RESULT] 5.0
2023-11-07 22:11:55.616 [main] INFO  calculator.Main - [POWER OPERATION] [SUCCESS] 2.0
2023-11-07 22:11:55.616 [main] INFO  calculator.Main - [POWER OPERATION] [RESULT] 32.0
